PS C:\Users\hex_\OneDrive\Documents\GitHub\at-578uv-hex-scanner>  c:; cd 'c:\Users\hex_\OneDrive\Documents\GitHub\at-578uv-hex-scanner'; & 'C:\Users\hex_\AppData\Local\Microsoft\WindowsApps\python3.11.exe' 'c:\Users\hex_\.vscode\extensions\ms-python.python-2023.8.0\pythonFiles\lib\python\debugpy\adapter/../..\debugpy\launcher' '52049' '--' 'C:\Users\hex_\OneDrive\Documents\GitHub\at-578uv-hex-scanner\hex-scanner.py'

#Wake up
Command - hex: 2b 41 44 41 54 41 3a 30 30 2c 30 30 31 0d 0a 61 0d 0a
Command - ascii: +ADATA:00,001
a

No response received

#Start COM MODE
Command - hex: 2b41444154413a30302c3031360d0a0144353738555620434f4d204d4f44450d0a
Command - ascii: +ADATA:00,016
☺D578UV COM MODE

Response - hex: 2b41444154413a30302c3030340d0a030100000d0a
Response - ascii: +ADATA:00,004
♥☺

#Check VFO A (Radio set for Frequency Mode - 144.0000 - notice "VFO A" at the end of the response, VFO A was active on this test)
Command - hex: 2b41444154413a30302c3030360d0a042c070000000d0a
Command - ascii: +ADATA:00,006
♦,

Response - hex: 2b41444154413a30302c3131380d0a042c14400000440000000900000000000000cf09000000000000000000ffff0000000100004368616e6e656c2056464f204100000000000000000000000d000000006464000000010f9e01031824714b4935515059000000000000000000000000031824714b493551505900000000000000000000370d0a
Response - ascii: +ADATA:00,118
dd☺☺♥↑$qKI5QPY♥↑$qKI5QPY7l VFO A

#Check VFO B (Radio set for Frequency Mode - 146.6400)
Command - hex: 2b41444154413a30302c3030360d0a042d070000000d0a
Command - ascii: +ADATA:00,006
♦-

Response - hex: 2b41444154413a30302c3132310d0a042d14664000155000000800000000000000cf09000000000000000000ffff0000000100004368616e6e656c2056464f204200000000000000000000000d000000006464000000020f9d01031824714b4935515059000000000000000000000000031824714b49355150590000000000000000000000ffffbd0d0a
Response - ascii: +ADATA:00,121
dd☻☺♥↑$qKI5QPY♥↑$qKI5QPYÿÿ½

#End COM Check
Command - hex: 2b41444154413a30302c3031340d0a64434f4d20434845434b20454e440d0a
Command - ascii: +ADATA:00,014
dCOM CHECK END

Response - hex: 2b41444154413a30302c3030350d0a03640000670d0a
Response - ascii: +ADATA:00,005
♥dg

#Releases radio for use
Command - hex: 2b41444154413a30302c3030300d0a0d0a
Command - ascii: +ADATA:00,000

#Keep Alive
Command - hex: 2b41444154413a30302c3030310d0a610d0a
Command - ascii: +ADATA:00,001
a

Response - hex: 2b41444154413a30302c3030350d0a03610000640d0a
Response - ascii: +ADATA:00,005
♥ad

#Keep Alive
Command - hex: 2b41444154413a30302c3030310d0a610d0a
Command - ascii: +ADATA:00,001
a

Response - hex: 2b41444154413a30302c3030350d0a03610000640d0a
Response - ascii: +ADATA:00,005
♥ad

#PTTon
Command - hex: 2b 41 44 41 54 41 3a 30 30 2c 30 32 33 0d 0a 56 01 00 00 00 00 00 00 00 00 00 00 00 00 00 00 00 00 00 00 00 00 00 0d 0a2b41444154413a30302c3030310d0a610d0a
Command - ascii: +ADATA:00,023
V☺
+ADATA:00,001
a

Response - hex: 2b41444154413a30302c3030350d0a03560000590d0a
Response - ascii: +ADATA:00,005
♥VY

Response - hex: 2b41444154413a30302c3131320d0a588101800000031824714b49355150590000000000000000000000000000000000000000000000000000000000000000000000000000000000000000000000000000000000000000000000000000000000000000000000000000000000000000000000000000000000000000001000dd0d0a2b41444154413a30302c3031380d0a5e0260010201000c000000000000000000d00d0a
Response - ascii: +ADATA:00,112
X☺♥↑$qKI5QPY►Ý
+ADATA:00,018
^☻`☺☻☺
Ð

#Keep Alive
Command - hex: 2b41444154413a30302c3030310d0a610d0a
Command - ascii: +ADATA:00,001
a

Response - hex: 2b41444154413a30302c3031380d0a5e0260010201000c000000000000000000d00d0a2b41444154413a30302c3131320d0a580101800000031824714b493551505900000000000000000000000000000000000000000000000000000000000000000000000000000000000000000000000000000000000000000000000000000000000000000000000000000000000000000000000000000000000000000010005d0d0a
Response - ascii: +ADATA:00,018
^☻`☺☻☺
Ð
+ADATA:00,112
X☺☺♥↑$qKI5QPY►]

Response - hex: 2b41444154413a30302c3030350d0a03610000640d0a2b41444154413a30302c3031380d0a5e0260010201000c000000000000000000d00d0a
Response - ascii: +ADATA:00,005
♥ad
+ADATA:00,018
^☻`☺☻☺
Ð

Response - hex: 2b41444154413a30302c3031380d0a5e0260010201000c000000000000000000d00d0a2b41444154413a30302c3131320d0a580101800000031824714b493551505900000000000000000000000000000000000000000000000000000000000000000000000000000000000000000000000000000000000000000000000000000000000000000000000000000000000000000000000000000000000000000010005d0d0a
Response - ascii: +ADATA:00,018
^☻`☺☻☺
Ð
+ADATA:00,112
X☺☺♥↑$qKI5QPY►]

#Keep Alive
Command - hex: 2b41444154413a30302c3030310d0a610d0a
Command - ascii: +ADATA:00,001
a

Response - hex: 2b41444154413a30302c3030350d0a03610000640d0a2b41444154413a30302c3031380d0a5e0260010201000c000000000000000000d00d0a2b41444154413a30302c3131320d0a580101800000031824714b4935515059000000000000000000000000000000000000000000000000000000000000000000
Response - ascii: +ADATA:00,005
♥ad
+ADATA:00,018
^☻`☺☻☺
Ð
+ADATA:00,112
X☺☺♥↑$qKI5QPY
Response - hex: 00000000000000000000000000000000000000000000000000000000000000000000000000000000000000000000000000000000000000000000000010005d0d0a
Response - ascii: ►]

Response - hex: 2b41444154413a30302c3031380d0a5e0260010201000c000000000000000000d00d0a2b41444154413a30302c3131320d0a580101800000031824714b493551505900000000000000000000000000000000000000000000000000000000000000000000000000000000000000000000000000000000000000000000000000000000000000000000000000000000000000000000000000000000000000000010005d0d0a
Response - ascii: +ADATA:00,018
^☻`☺☻☺
Ð
+ADATA:00,112
X☺☺♥↑$qKI5QPY►]

#Keep Alive
Command - hex: 2b41444154413a30302c3030310d0a610d0a
Command - ascii: +ADATA:00,001
a

Response - hex: 2b41444154413a30302c3030350d0a03610000640d0a2b41444154413a30302c3031380d0a5e0260010201000c000000000000000000d00d0a
Response - ascii: +ADATA:00,005
♥ad
+ADATA:00,018
^☻`☺☻☺
Ð

Response - hex: 2b41444154413a30302c3131320d0a580101800000031824714b493551505900000000000000000000000000000000000000000000000000000000000000000000000000000000000000000000000000000000000000000000000000000000000000000000000000000000000000000000000000000000000000000010005d0d0a
Response - ascii: +ADATA:00,112
X☺☺♥↑$qKI5QPY►]

Response - hex: 2b41444154413a30302c3031380d0a5e0260010201000c000000000000000000d00d0a2b41444154413a30302c3131320d0a580101800000031824714b493551505900000000000000000000000000000000000000000000000000000000000000000000000000000000000000000000000000000000000000000000000000000000000000000000000000000000000000000000000000000000000000000010005d0d0a
Response - ascii: +ADATA:00,018
^☻`☺☻☺
Ð
+ADATA:00,112
X☺☺♥↑$qKI5QPY►]

#PTT off
Command - hex: 2b 41 44 41 54 41 3a 30 30 2c 30 32 33 0d 0a 56 00 00 00 00 00 00 00 00 00 00 00 00 00 00 00 00 00 00 00 00 00 00 0d 0a
Command - ascii: +ADATA:00,023
V

Response - hex: 2b41444154413a30302c3030350d0a03560000590d0a2b41444154413a30302c3031380d0a5e0060000000000c000000000000000000ca0d0a2b41444154413a30302c3131320d0a580101800000031824714b493551505900000000000000000000000000000000000000000000000000000000000000000000000000000000000000000000000000000000000000000000000000000000000000000000000000000000000000000000000000000000000000000010005d0d0a
Response - ascii: +ADATA:00,005
♥VY
+ADATA:00,018
^`
Ê
+ADATA:00,112
X☺☺♥↑$qKI5QPY►]